 (0,0): [11/12/2018 03:29:34.949 PM] GetAnalyzersFromCompilation threw an exception: System.ArgumentNullException: Value cannot be null.
Parameter name: source
  at System.Linq.Enumerable.Where[TSource] (System.Collections.Generic.IEnumerable`1[T] source, System.Func`2[T,TResult] predicate) [0x0000d] in <1b13ba6391c74847bbc3eddc86df7eee>:0 
  at UnityEditor.Compilation.CodeAnalysisManager.GetAnalyzersFromCompilation (System.String assemblyFilename, System.String[] unityCompilerArguments) [0x0003f] in <b6235404321846dd874d88447d55cf5a>:0 
 (0,0): [11/12/2018 03:30:17.174 PM] Unable to start the incremental compiler service:System.Exception: Subscribe exception: EAGAIN(11): Resource temporarily unavailable
 (0,0): [11/12/2018 03:39:31.230 PM] GetAnalyzersFromCompilation threw an exception: System.ArgumentNullException: Value cannot be null.
Parameter name: source
  at System.Linq.Enumerable.Where[TSource] (System.Collections.Generic.IEnumerable`1[T] source, System.Func`2[T,TResult] predicate) [0x0000d] in <1b13ba6391c74847bbc3eddc86df7eee>:0 
  at UnityEditor.Compilation.CodeAnalysisManager.GetAnalyzersFromCompilation (System.String assemblyFilename, System.String[] unityCompilerArguments) [0x0003f] in <b6235404321846dd874d88447d55cf5a>:0 
 (0,0): [11/12/2018 03:40:13.050 PM] Unable to start the incremental compiler service:System.Exception: Subscribe exception: EAGAIN(11): Resource temporarily unavailable
 (0,0): [11/12/2018 03:45:33.930 PM] GetAnalyzersFromCompilation threw an exception: System.ArgumentNullException: Value cannot be null.
Parameter name: source
  at System.Linq.Enumerable.Where[TSource] (System.Collections.Generic.IEnumerable`1[T] source, System.Func`2[T,TResult] predicate) [0x0000d] in <1b13ba6391c74847bbc3eddc86df7eee>:0 
  at UnityEditor.Compilation.CodeAnalysisManager.GetAnalyzersFromCompilation (System.String assemblyFilename, System.String[] unityCompilerArguments) [0x0003f] in <b6235404321846dd874d88447d55cf5a>:0 
 (0,0): [11/12/2018 03:46:15.707 PM] Unable to start the incremental compiler service:System.Exception: Subscribe exception: EAGAIN(11): Resource temporarily unavailable
 (0,0): [11/12/2018 03:46:16.315 PM] GetAnalyzersFromCompilation threw an exception: System.ArgumentNullException: Value cannot be null.
Parameter name: source
  at System.Linq.Enumerable.Where[TSource] (System.Collections.Generic.IEnumerable`1[T] source, System.Func`2[T,TResult] predicate) [0x0000d] in <1b13ba6391c74847bbc3eddc86df7eee>:0 
  at UnityEditor.Compilation.CodeAnalysisManager.GetAnalyzersFromCompilation (System.String assemblyFilename, System.String[] unityCompilerArguments) [0x0003f] in <b6235404321846dd874d88447d55cf5a>:0 
 (0,0): [11/12/2018 03:46:58.079 PM] Unable to start the incremental compiler service:System.Exception: Subscribe exception: EAGAIN(11): Resource temporarily unavailable
 (0,0): [11/12/2018 03:57:15.168 PM] GetAnalyzersFromCompilation threw an exception: System.ArgumentNullException: Value cannot be null.
Parameter name: source
  at System.Linq.Enumerable.Where[TSource] (System.Collections.Generic.IEnumerable`1[T] source, System.Func`2[T,TResult] predicate) [0x0000d] in <1b13ba6391c74847bbc3eddc86df7eee>:0 
  at UnityEditor.Compilation.CodeAnalysisManager.GetAnalyzersFromCompilation (System.String assemblyFilename, System.String[] unityCompilerArguments) [0x0003f] in <b6235404321846dd874d88447d55cf5a>:0 
 (0,0): [11/12/2018 03:57:56.985 PM] Unable to start the incremental compiler service:System.Exception: Subscribe exception: EAGAIN(11): Resource temporarily unavailable
 (0,0): [11/12/2018 03:58:24.008 PM] GetAnalyzersFromCompilation threw an exception: System.ArgumentNullException: Value cannot be null.
Parameter name: source
  at System.Linq.Enumerable.Where[TSource] (System.Collections.Generic.IEnumerable`1[T] source, System.Func`2[T,TResult] predicate) [0x0000d] in <1b13ba6391c74847bbc3eddc86df7eee>:0 
  at UnityEditor.Compilation.CodeAnalysisManager.GetAnalyzersFromCompilation (System.String assemblyFilename, System.String[] unityCompilerArguments) [0x0003f] in <b6235404321846dd874d88447d55cf5a>:0 
 (0,0): [11/12/2018 03:59:05.796 PM] Unable to start the incremental compiler service:System.Exception: Subscribe exception: EAGAIN(11): Resource temporarily unavailable
 (0,0): [11/12/2018 03:59:06.438 PM] GetAnalyzersFromCompilation threw an exception: System.ArgumentNullException: Value cannot be null.
Parameter name: source
  at System.Linq.Enumerable.Where[TSource] (System.Collections.Generic.IEnumerable`1[T] source, System.Func`2[T,TResult] predicate) [0x0000d] in <1b13ba6391c74847bbc3eddc86df7eee>:0 
  at UnityEditor.Compilation.CodeAnalysisManager.GetAnalyzersFromCompilation (System.String assemblyFilename, System.String[] unityCompilerArguments) [0x0003f] in <b6235404321846dd874d88447d55cf5a>:0 
 (0,0): [11/12/2018 03:59:48.205 PM] Unable to start the incremental compiler service:System.Exception: Subscribe exception: EAGAIN(11): Resource temporarily unavailable
