Base path: 'C:/Program Files/Unity/Hub/Editor/2019.2.0a14/Editor/Data', plugins path 'C:/Program Files/Unity/Hub/Editor/2019.2.0a14/Editor/Data/PlaybackEngines'
Cmd: initializeCompiler
Cmd: compileComputeKernel
  api=4 insize=15446 outsize=15101 ok=1
Cmd: compileComputeKernel
  api=4 insize=15446 outsize=32903 ok=1
Cmd: compileComputeKernel
  api=4 insize=15446 outsize=29579 ok=1
Cmd: compileComputeKernel
  api=4 insize=15446 outsize=39748 ok=1
Cmd: compileComputeKernel
  api=4 insize=15446 outsize=38390 ok=1
Cmd: compileComputeKernel
  api=4 insize=15446 outsize=55026 ok=1
Cmd: compileComputeKernel
  api=4 insize=15446 outsize=35712 ok=1
Cmd: compileComputeKernel
  api=4 insize=15446 outsize=32044 ok=1
Cmd: compileComputeKernel
  api=4 insize=15446 outsize=65507 ok=1
Cmd: compileComputeKernel
  api=4 insize=15446 outsize=13857 ok=1
Cmd: compileComputeKernel
  api=4 insize=15446 outsize=15112 ok=1
Cmd: compileComputeKernel
  api=4 insize=15446 outsize=34788 ok=1
Cmd: compileComputeKernel
  api=4 insize=15446 outsize=41565 ok=1
Cmd: compileComputeKernel
  api=4 insize=15446 outsize=47089 ok=1
Cmd: compileComputeKernel
  api=4 insize=15446 outsize=50361 ok=1
Cmd: compileComputeKernel
  api=4 insize=15446 outsize=45494 ok=1
Cmd: compileComputeKernel
  api=4 insize=15446 outsize=44054 ok=1
Cmd: compileComputeKernel
  api=4 insize=25750 outsize=15695 ok=1
Cmd: compileComputeKernel
  api=4 insize=25750 outsize=15377 ok=1
Cmd: compileComputeKernel
  api=4 insize=10881 outsize=10585 ok=1
Cmd: compileComputeKernel
  api=4 insize=9347 outsize=7851 ok=1
Cmd: compileComputeKernel
  api=4 insize=9347 outsize=12684 ok=1
Cmd: compileComputeKernel
  api=4 insize=4918 outsize=2350 ok=1
Cmd: compileComputeKernel
  api=4 insize=7423 outsize=1128 ok=1
Cmd: compileComputeKernel
  api=4 insize=10769 outsize=10583 ok=1
Cmd: compileComputeKernel
  api=4 insize=1940 outsize=2732 ok=1
Cmd: compileComputeKernel
  api=4 insize=11993 outsize=2204 ok=1
Cmd: compileComputeKernel
  api=4 insize=18299 outsize=8873 ok=1
Cmd: compileComputeKernel
  api=4 insize=18299 outsize=10714 ok=1
Cmd: compileComputeKernel
  api=4 insize=21524 outsize=14767 ok=1
Cmd: compileComputeKernel
  api=4 insize=17600 outsize=5562 ok=1
Cmd: compileComputeKernel
  api=4 insize=3695 outsize=2639 ok=1
Cmd: compileComputeKernel
  api=4 insize=3072 outsize=375 ok=1
Cmd: compileComputeKernel
  api=4 insize=7918 outsize=5629 ok=1
Cmd: compileComputeKernel
  api=4 insize=35025 outsize=34633 ok=1
Cmd: compileComputeKernel
  api=4 insize=35025 outsize=34633 ok=1
Cmd: compileComputeKernel
  api=4 insize=5065 outsize=2822 ok=1
Cmd: compileComputeKernel
  api=4 insize=7857 outsize=4862 ok=1
Cmd: compileComputeKernel
  api=4 insize=1454 outsize=603 ok=1
Cmd: compileComputeKernel
  api=4 insize=2044 outsize=1005 ok=1
Cmd: compileComputeKernel
  api=4 insize=9814 outsize=4045 ok=1
Cmd: compileComputeKernel
  api=4 insize=7700 outsize=6747 ok=1
Cmd: compileComputeKernel
  api=4 insize=3918 outsize=677 ok=1
Cmd: compileComputeKernel
  api=4 insize=3651 outsize=1426 ok=1
Cmd: compileComputeKernel
  api=4 insize=2510 outsize=562 ok=1
Cmd: compileSnippet
  api=4 type=0 insize=1596 outsize=2234 kw=UNITY_PASS_FORWARDBASE DIRECTIONAL LIGHTPROBE_SH INSTANCING_ON pd=UNITY_ENABLE_REFLECTION_BUFFERS UNITY_USE_DITHER_MASK_FOR_ALPHABLENDED_SHADOWS UNITY_PBS_USE_BRDF1 UNITY_SPECCUBE_BOX_PROJECTION UNITY_SPECCUBE_BLENDING UNITY_ENABLE_DETAIL_NORMALMAP SHADER_API_DESKTOP UNITY_COLORSPACE_GAMMA UNITY_LIGHT_PROBE_PROXY_VOLUME UNITY_LIGHTMAP_FULL_HDR ok=1
